C:\Program Files (x86)\Microsoft Visual Studio\2019\Community\MSBuild\Microsoft\VC\v160\Microsoft.CppBuild.targets(491,5): warning MSB8028: The intermediate directory (Debug\) contains files shared from another project (Lab4.vcxproj).  This can lead to incorrect clean and rebuild behavior.
  lightsCameraAction.cpp
C:\Users\amygo\OneDrive\Documents\University\Year 4\Assignment\Fixed Graphics Lab\topic_1_first_programs\graphics_examples\Lab4\lightsCameraAction.cpp(106,20): warning C4305: '=': truncation from 'double' to 'GLfloat'
C:\Users\amygo\OneDrive\Documents\University\Year 4\Assignment\Fixed Graphics Lab\topic_1_first_programs\graphics_examples\Lab4\lightsCameraAction.cpp(114,26): warning C4305: '=': truncation from 'double' to 'GLfloat'
glfw3D.lib(context.obj) : warning LNK4099: PDB 'glfw.pdb' was not found with 'glfw3D.lib(context.obj)' or at 'C:\Users\amygo\OneDrive\Documents\University\Year 4\Assignment\Fixed Graphics Lab\topic_1_first_programs\graphics_examples\Debug\glfw.pdb'; linking object as if no debug info
glfw3D.lib(init.obj) : warning LNK4099: PDB 'glfw.pdb' was not found with 'glfw3D.lib(init.obj)' or at 'C:\Users\amygo\OneDrive\Documents\University\Year 4\Assignment\Fixed Graphics Lab\topic_1_first_programs\graphics_examples\Debug\glfw.pdb'; linking object as if no debug info
glfw3D.lib(input.obj) : warning LNK4099: PDB 'glfw.pdb' was not found with 'glfw3D.lib(input.obj)' or at 'C:\Users\amygo\OneDrive\Documents\University\Year 4\Assignment\Fixed Graphics Lab\topic_1_first_programs\graphics_examples\Debug\glfw.pdb'; linking object as if no debug info
glfw3D.lib(monitor.obj) : warning LNK4099: PDB 'glfw.pdb' was not found with 'glfw3D.lib(monitor.obj)' or at 'C:\Users\amygo\OneDrive\Documents\University\Year 4\Assignment\Fixed Graphics Lab\topic_1_first_programs\graphics_examples\Debug\glfw.pdb'; linking object as if no debug info
glfw3D.lib(vulkan.obj) : warning LNK4099: PDB 'glfw.pdb' was not found with 'glfw3D.lib(vulkan.obj)' or at 'C:\Users\amygo\OneDrive\Documents\University\Year 4\Assignment\Fixed Graphics Lab\topic_1_first_programs\graphics_examples\Debug\glfw.pdb'; linking object as if no debug info
glfw3D.lib(window.obj) : warning LNK4099: PDB 'glfw.pdb' was not found with 'glfw3D.lib(window.obj)' or at 'C:\Users\amygo\OneDrive\Documents\University\Year 4\Assignment\Fixed Graphics Lab\topic_1_first_programs\graphics_examples\Debug\glfw.pdb'; linking object as if no debug info
glfw3D.lib(win32_init.obj) : warning LNK4099: PDB 'glfw.pdb' was not found with 'glfw3D.lib(win32_init.obj)' or at 'C:\Users\amygo\OneDrive\Documents\University\Year 4\Assignment\Fixed Graphics Lab\topic_1_first_programs\graphics_examples\Debug\glfw.pdb'; linking object as if no debug info
glfw3D.lib(win32_joystick.obj) : warning LNK4099: PDB 'glfw.pdb' was not found with 'glfw3D.lib(win32_joystick.obj)' or at 'C:\Users\amygo\OneDrive\Documents\University\Year 4\Assignment\Fixed Graphics Lab\topic_1_first_programs\graphics_examples\Debug\glfw.pdb'; linking object as if no debug info
glfw3D.lib(win32_monitor.obj) : warning LNK4099: PDB 'glfw.pdb' was not found with 'glfw3D.lib(win32_monitor.obj)' or at 'C:\Users\amygo\OneDrive\Documents\University\Year 4\Assignment\Fixed Graphics Lab\topic_1_first_programs\graphics_examples\Debug\glfw.pdb'; linking object as if no debug info
glfw3D.lib(win32_time.obj) : warning LNK4099: PDB 'glfw.pdb' was not found with 'glfw3D.lib(win32_time.obj)' or at 'C:\Users\amygo\OneDrive\Documents\University\Year 4\Assignment\Fixed Graphics Lab\topic_1_first_programs\graphics_examples\Debug\glfw.pdb'; linking object as if no debug info
glfw3D.lib(win32_tls.obj) : warning LNK4099: PDB 'glfw.pdb' was not found with 'glfw3D.lib(win32_tls.obj)' or at 'C:\Users\amygo\OneDrive\Documents\University\Year 4\Assignment\Fixed Graphics Lab\topic_1_first_programs\graphics_examples\Debug\glfw.pdb'; linking object as if no debug info
glfw3D.lib(win32_window.obj) : warning LNK4099: PDB 'glfw.pdb' was not found with 'glfw3D.lib(win32_window.obj)' or at 'C:\Users\amygo\OneDrive\Documents\University\Year 4\Assignment\Fixed Graphics Lab\topic_1_first_programs\graphics_examples\Debug\glfw.pdb'; linking object as if no debug info
glfw3D.lib(wgl_context.obj) : warning LNK4099: PDB 'glfw.pdb' was not found with 'glfw3D.lib(wgl_context.obj)' or at 'C:\Users\amygo\OneDrive\Documents\University\Year 4\Assignment\Fixed Graphics Lab\topic_1_first_programs\graphics_examples\Debug\glfw.pdb'; linking object as if no debug info
glfw3D.lib(egl_context.obj) : warning LNK4099: PDB 'glfw.pdb' was not found with 'glfw3D.lib(egl_context.obj)' or at 'C:\Users\amygo\OneDrive\Documents\University\Year 4\Assignment\Fixed Graphics Lab\topic_1_first_programs\graphics_examples\Debug\glfw.pdb'; linking object as if no debug info
glloadD.lib(gl_load.obj) : warning LNK4099: PDB 'glloadD.pdb' was not found with 'glloadD.lib(gl_load.obj)' or at 'C:\Users\amygo\OneDrive\Documents\University\Year 4\Assignment\Fixed Graphics Lab\topic_1_first_programs\graphics_examples\Debug\glloadD.pdb'; linking object as if no debug info
glloadD.lib(gl_load_cpp.obj) : warning LNK4099: PDB 'glloadD.pdb' was not found with 'glloadD.lib(gl_load_cpp.obj)' or at 'C:\Users\amygo\OneDrive\Documents\University\Year 4\Assignment\Fixed Graphics Lab\topic_1_first_programs\graphics_examples\Debug\glloadD.pdb'; linking object as if no debug info
  Lab4.vcxproj -> C:\Users\amygo\OneDrive\Documents\University\Year 4\Assignment\Fixed Graphics Lab\topic_1_first_programs\graphics_examples\Debug\LightsCameraAction.exe
